<?xml version="1.0" encoding="UTF-8"?>
<testng-results skipped="0" failed="0" total="1" passed="1">
  <reporter-output>
  </reporter-output>
  <suite name="Default suite" duration-ms="83560" started-at="2018-04-22T18:07:31Z" finished-at="2018-04-22T18:08:54Z">
    <groups>
    </groups>
    <test name="Default test" duration-ms="83560" started-at="2018-04-22T18:07:31Z" finished-at="2018-04-22T18:08:54Z">
      <class name="by.htp.quizful.QuizfulTests">
        <test-method status="PASS" signature="testSetup()[pri:0, instance:by.htp.quizful.QuizfulTests@7f9a81e8]" name="testSetup" is-config="true" duration-ms="3980" started-at="2018-04-22T21:07:31Z" finished-at="2018-04-22T21:07:35Z">
          <reporter-output>
          </reporter-output>
        </test-method> <!-- testSetup -->
        <test-method status="PASS" signature="checkTheAvatarUpload()[pri:0, instance:by.htp.quizful.QuizfulTests@7f9a81e8]" name="checkTheAvatarUpload" duration-ms="78910" started-at="2018-04-22T21:07:35Z" finished-at="2018-04-22T21:08:54Z">
          <reporter-output>
          </reporter-output>
        </test-method> <!-- checkTheAvatarUpload -->
        <test-method status="PASS" signature="afterTest()[pri:0, instance:by.htp.quizful.QuizfulTests@7f9a81e8]" name="afterTest" is-config="true" duration-ms="657" started-at="2018-04-22T21:08:54Z" finished-at="2018-04-22T21:08:54Z">
          <reporter-output>
          </reporter-output>
        </test-method> <!-- afterTest -->
      </class> <!-- by.htp.quizful.QuizfulTests -->
    </test> <!-- Default test -->
  </suite> <!-- Default suite -->
</testng-results>
